2017-07-03 22:38:51,166 INFO [Log] Excel路径设定失败 
2017-07-03 22:50:00,660 INFO [Log] Excel路径设定失败 
2017-07-03 22:52:32,929 INFO [Log] Excel路径设定失败 
2017-07-03 22:52:38,123 INFO [Log] Excel路径设定失败 
2017-07-03 22:53:37,022 INFO [Log] Excel路径设定失败 
2017-07-03 23:02:49,703 INFO [Log] Excel路径设定失败 
2017-07-03 23:03:38,374 INFO [Log] 关闭浏览器窗口出现异常,具体异常信息：null 
2017-07-03 23:03:41,300 INFO [Log] -----------------------"SendMail01"测试执行结束--------------- 
2017-07-05 21:10:25,164 INFO [Log] 关闭浏览器窗口出现异常,具体异常信息：null 
2017-07-05 21:10:25,204 INFO [Log] -----------------------"SendMail01"测试执行结束--------------- 
2017-07-05 21:10:25,252 INFO [Log] 关闭浏览器窗口出现异常,具体异常信息：null 
2017-07-05 21:10:25,280 INFO [Log] -----------------------"visitQQMailHomePage01"测试执行结束--------------- 
2017-07-05 21:16:45,371 INFO [Log] 关闭浏览器窗口出现异常,具体异常信息：null 
2017-07-05 21:16:45,406 INFO [Log] -----------------------"SendMail01"测试执行结束--------------- 
2017-07-05 21:16:45,441 INFO [Log] 关闭浏览器窗口出现异常,具体异常信息：null 
2017-07-05 21:16:45,465 INFO [Log] -----------------------"visitQQMailHomePage01"测试执行结束--------------- 
2017-07-05 21:48:22,959 INFO [Log] 关闭浏览器窗口出现异常,具体异常信息：null 
2017-07-05 21:48:51,915 INFO [Log] -----------------------"SendMail01"测试执行结束--------------- 
2017-07-05 21:49:15,069 INFO [Log] 关闭浏览器窗口出现异常,具体异常信息：null 
2017-07-05 21:49:15,120 INFO [Log] -----------------------"visitQQMailHomePage01"测试执行结束--------------- 
2017-07-05 21:52:43,909 INFO [Log] Firefox浏览器实例已经声明 
2017-07-05 21:52:44,213 INFO [Log] 关闭浏览器窗口 
2017-07-05 21:52:44,236 INFO [Log] -----------------------"SendMail01"测试执行结束--------------- 
2017-07-05 21:52:44,264 INFO [Log] 关闭浏览器窗口 
2017-07-05 21:52:44,284 INFO [Log] -----------------------"visitQQMailHomePage01"测试执行结束--------------- 
2017-07-05 22:00:02,275 INFO [Log] Firefox浏览器实例已经声明 
2017-07-05 22:00:10,482 INFO [Log] 关闭浏览器窗口 
2017-07-05 22:00:13,120 INFO [Log] -----------------------"SendMail01"测试执行结束--------------- 
2017-07-05 22:00:19,180 INFO [Log] 关闭浏览器窗口 
2017-07-05 22:00:27,858 INFO [Log] -----------------------"visitQQMailHomePage01"测试执行结束--------------- 
2017-07-05 22:08:27,932 INFO [Log] Firefox浏览器实例已经声明 
2017-07-05 22:09:38,785 INFO [Log] Firefox浏览器实例已经声明 
2017-07-05 22:14:01,598 INFO [Log] Firefox浏览器实例已经声明 
2017-07-05 22:15:21,362 INFO [Log] Firefox浏览器实例已经声明 
2017-07-05 22:16:53,477 INFO [Log] Firefox浏览器实例已经声明 
2017-07-05 22:19:34,538 INFO [Log] Firefox浏览器实例已经声明 
2017-07-05 22:23:35,572 INFO [Log] 关闭浏览器窗口 
2017-07-05 22:23:35,608 INFO [Log] -----------------------"SendMail01"测试执行结束--------------- 
2017-07-05 22:23:35,656 INFO [Log] 关闭浏览器窗口 
2017-07-05 22:23:35,687 INFO [Log] -----------------------"visitQQMailHomePage01"测试执行结束--------------- 
2017-07-05 22:24:03,082 INFO [Log] Firefox浏览器实例已经声明 
2017-07-05 22:37:01,128 INFO [Log] Firefox浏览器实例已经声明 
2017-07-05 22:41:18,271 INFO [Log] Firefox浏览器实例已经声明 
2017-07-05 22:45:05,412 INFO [Log] Firefox浏览器实例已经声明 
2017-07-05 22:48:23,029 INFO [Log] Firefox浏览器实例已经声明 
2017-07-05 23:02:20,586 INFO [Log] Firefox浏览器实例已经声明 
2017-07-05 23:03:16,417 INFO [Log] Firefox浏览器实例已经声明 
2017-07-05 23:07:37,751 INFO [Log] 浏览器访问网址http://mail.qq.com 
2017-07-05 23:07:59,881 INFO [Log] Firefox浏览器实例已经声明 
2017-07-05 23:08:04,628 INFO [Log] 浏览器访问网址http://mail.qq.com 
2017-07-05 23:09:52,805 INFO [Log] Firefox浏览器实例已经声明 
2017-07-05 23:10:23,725 INFO [Log] Firefox浏览器实例已经声明 
2017-07-05 23:11:29,285 INFO [Log] Firefox浏览器实例已经声明 
2017-07-05 23:12:37,762 INFO [Log] Firefox浏览器实例已经声明 
2017-07-05 23:13:36,441 INFO [Log] Firefox浏览器实例已经声明 
2017-07-05 23:14:20,061 INFO [Log] 浏览器访问网址http://mail.qq.com 
2017-07-05 23:17:21,584 INFO [Log] Firefox浏览器实例已经声明 
2017-07-05 23:17:47,007 INFO [Log] 浏览器访问网址http://mail.qq.com 
2017-07-05 23:23:25,986 INFO [Log] Firefox浏览器实例已经声明 
2017-07-05 23:24:01,608 INFO [Log] 浏览器访问网址http://mail.qq.com 
2017-07-05 23:25:15,849 INFO [Log] Firefox浏览器实例已经声明 
2017-07-05 23:25:37,504 INFO [Log] 浏览器访问网址http://mail.qq.com 
2017-07-05 23:26:18,952 INFO [Log] 单击Mail.LoginIn.byaccount页面元素失败，具体异常信息：0 
2017-07-05 23:28:25,000 INFO [Log] Firefox浏览器实例已经声明 
2017-07-05 23:28:54,116 INFO [Log] 浏览器访问网址http://mail.qq.com 
2017-07-05 23:29:28,447 INFO [Log] 单击Mail.LoginIn.byaccount页面元素失败，具体异常信息：0 
2017-07-05 23:31:40,411 INFO [Log] Firefox浏览器实例已经声明 
2017-07-05 23:31:58,256 INFO [Log] 关闭浏览器窗口 
2017-07-05 23:31:59,086 INFO [Log] -----------------------"SendMail01"测试执行结束--------------- 
